# JRE version: Java(TM) SE Runtime Environment (8.0_271-b09) (build 1.8.0_271-b09)
# Java VM: Java HotSpot(TM) 64-Bit Server VM (25.271-b09 mixed mode windows-amd64 compressed oops)
Heap:
 PSYoungGen      total 1350144K, used 1065048K [0x000000072e300000, 0x00000007be400000, 0x00000007c0000000)
  eden space 1282048K, 77% used [0x000000072e300000,0x000000076b0ef510,0x000000077c700000)
  from space 68096K, 99% used [0x000000077c700000,0x0000000780926d40,0x0000000780980000)
  to   space 539136K, 0% used [0x000000079d580000,0x000000079d580000,0x00000007be400000)
 ParOldGen       total 1156608K, used 654122K [0x000000060a800000, 0x0000000651180000, 0x000000072e300000)
  object space 1156608K, 56% used [0x000000060a800000,0x00000006326ca970,0x0000000651180000)
 Metaspace       used 159954K, capacity 164301K, committed 164568K, reserved 1185792K
  class space    used 26545K, capacity 27838K, committed 27904K, reserved 1048576K
GC Heap History (10 events):
Event: 73.492 GC heap before
{Heap before GC invocations=28 (full 4):
 PSYoungGen      total 1839616K, used 486874K [0x000000072e300000, 0x00000007c0000000, 0x00000007c0000000)
  eden space 1438720K, 5% used [0x000000072e300000,0x00000007337007c8,0x0000000786000000)
  from space 400896K, 99% used [0x0000000786000000,0x000000079e776128,0x000000079e780000)
  to   space 520704K, 0% used [0x00000007a0380000,0x00000007a0380000,0x00000007c0000000)
 ParOldGen       total 1092608K, used 702302K [0x000000060a800000, 0x000000064d300000, 0x000000072e300000)
  object space 1092608K, 64% used [0x000000060a800000,0x00000006355d7b30,0x000000064d300000)
 Metaspace       used 136417K, capacity 139447K, committed 139608K, reserved 1165312K
  class space    used 21853K, capacity 22787K, committed 22912K, reserved 1048576K
Event: 73.572 GC heap after
Heap after GC invocations=28 (full 4):
 PSYoungGen      total 1805824K, used 388333K [0x000000072e300000, 0x00000007c0000000, 0x00000007c0000000)
  eden space 1285120K, 0% used [0x000000072e300000,0x000000072e300000,0x000000077ca00000)
  from space 520704K, 74% used [0x00000007a0380000,0x00000007b7ebb670,0x00000007c0000000)
  to   space 551936K, 0% used [0x000000077ca00000,0x000000077ca00000,0x000000079e500000)
 ParOldGen       total 1092608K, used 702302K [0x000000060a800000, 0x000000064d300000, 0x000000072e300000)
  object space 1092608K, 64% used [0x000000060a800000,0x00000006355d7b30,0x000000064d300000)
 Metaspace       used 136417K, capacity 139447K, committed 139608K, reserved 1165312K
  class space    used 21853K, capacity 22787K, committed 22912K, reserved 1048576K
}
Event: 73.572 GC heap before
{Heap before GC invocations=29 (full 5):
 PSYoungGen      total 1805824K, used 388333K [0x000000072e300000, 0x00000007c0000000, 0x00000007c0000000)
  eden space 1285120K, 0% used [0x000000072e300000,0x000000072e300000,0x000000077ca00000)
  from space 520704K, 74% used [0x00000007a0380000,0x00000007b7ebb670,0x00000007c0000000)
  to   space 551936K, 0% used [0x000000077ca00000,0x000000077ca00000,0x000000079e500000)
 ParOldGen       total 1092608K, used 702302K [0x000000060a800000, 0x000000064d300000, 0x000000072e300000)
  object space 1092608K, 64% used [0x000000060a800000,0x00000006355d7b30,0x000000064d300000)
 Metaspace       used 136417K, capacity 139447K, committed 139608K, reserved 1165312K
  class space    used 21853K, capacity 22787K, committed 22912K, reserved 1048576K
Event: 73.938 GC heap after
Heap after GC invocations=29 (full 5):
 PSYoungGen      total 1805824K, used 0K [0x000000072e300000, 0x00000007c0000000, 0x00000007c0000000)
  eden space 1285120K, 0% used [0x000000072e300000,0x000000072e300000,0x000000077ca00000)
  from space 520704K, 0% used [0x00000007a0380000,0x00000007a0380000,0x00000007c0000000)
  to   space 551936K, 0% used [0x000000077ca00000,0x000000077ca00000,0x000000079e500000)
 ParOldGen       total 1156608K, used 654098K [0x000000060a800000, 0x0000000651180000, 0x000000072e300000)
  object space 1156608K, 56% used [0x000000060a800000,0x00000006326c4970,0x0000000651180000)
 Metaspace       used 136417K, capacity 139447K, committed 139608K, reserved 1165312K
  class space    used 21853K, capacity 22787K, committed 22912K, reserved 1048576K
}
Event: 77.578 GC heap before
{Heap before GC invocations=30 (full 5):
 PSYoungGen      total 1805824K, used 1285120K [0x000000072e300000, 0x00000007c0000000, 0x00000007c0000000)
  eden space 1285120K, 100% used [0x000000072e300000,0x000000077ca00000,0x000000077ca00000)
  from space 520704K, 0% used [0x00000007a0380000,0x00000007a0380000,0x00000007c0000000)
  to   space 551936K, 0% used [0x000000077ca00000,0x000000077ca00000,0x000000079e500000)
 ParOldGen       total 1156608K, used 654098K [0x000000060a800000, 0x0000000651180000, 0x000000072e300000)
  object space 1156608K, 56% used [0x000000060a800000,0x00000006326c4970,0x0000000651180000)
 Metaspace       used 142475K, capacity 145785K, committed 145880K, reserved 1171456K
  class space    used 23005K, capacity 24042K, committed 24064K, reserved 1048576K
Event: 77.589 GC heap after
Heap after GC invocations=30 (full 5):
 PSYoungGen      total 1317376K, used 31952K [0x000000072e300000, 0x00000007c0000000, 0x00000007c0000000)
  eden space 1285120K, 0% used [0x000000072e300000,0x000000072e300000,0x000000077ca00000)
  from space 32256K, 99% used [0x000000077ca00000,0x000000077e9342c0,0x000000077e980000)
  to   space 556032K, 0% used [0x000000079e100000,0x000000079e100000,0x00000007c0000000)
 ParOldGen       total 1156608K, used 654106K [0x000000060a800000, 0x0000000651180000, 0x000000072e300000)
  object space 1156608K, 56% used [0x000000060a800000,0x00000006326c6970,0x0000000651180000)
 Metaspace       used 142475K, capacity 145785K, committed 145880K, reserved 1171456K
  class space    used 23005K, capacity 24042K, committed 24064K, reserved 1048576K
}
Event: 79.846 GC heap before
{Heap before GC invocations=31 (full 5):
 PSYoungGen      total 1317376K, used 1317072K [0x000000072e300000, 0x00000007c0000000, 0x00000007c0000000)
  eden space 1285120K, 100% used [0x000000072e300000,0x000000077ca00000,0x000000077ca00000)
  from space 32256K, 99% used [0x000000077ca00000,0x000000077e9342c0,0x000000077e980000)
  to   space 556032K, 0% used [0x000000079e100000,0x000000079e100000,0x00000007c0000000)
 ParOldGen       total 1156608K, used 654106K [0x000000060a800000, 0x0000000651180000, 0x000000072e300000)
  object space 1156608K, 56% used [0x000000060a800000,0x00000006326c6970,0x0000000651180000)
 Metaspace       used 148395K, capacity 151915K, committed 152152K, reserved 1175552K
  class space    used 24366K, capacity 25417K, committed 25472K, reserved 1048576K
Event: 79.861 GC heap after
Heap after GC invocations=31 (full 5):
 PSYoungGen      total 1838080K, used 51263K [0x000000072e300000, 0x00000007c0000000, 0x00000007c0000000)
  eden space 1282048K, 0% used [0x000000072e300000,0x000000072e300000,0x000000077c700000)
  from space 556032K, 9% used [0x000000079e100000,0x00000007a130fd60,0x00000007c0000000)
  to   space 550912K, 0% used [0x000000077c700000,0x000000077c700000,0x000000079e100000)
 ParOldGen       total 1156608K, used 654114K [0x000000060a800000, 0x0000000651180000, 0x000000072e300000)
  object space 1156608K, 56% used [0x000000060a800000,0x00000006326c8970,0x0000000651180000)
 Metaspace       used 148395K, capacity 151915K, committed 152152K, reserved 1175552K
  class space    used 24366K, capacity 25417K, committed 25472K, reserved 1048576K
}
Event: 82.236 GC heap before
{Heap before GC invocations=32 (full 5):
 PSYoungGen      total 1838080K, used 1333311K [0x000000072e300000, 0x00000007c0000000, 0x00000007c0000000)
  eden space 1282048K, 100% used [0x000000072e300000,0x000000077c700000,0x000000077c700000)
  from space 556032K, 9% used [0x000000079e100000,0x00000007a130fd60,0x00000007c0000000)
  to   space 550912K, 0% used [0x000000077c700000,0x000000077c700000,0x000000079e100000)
 ParOldGen       total 1156608K, used 654114K [0x000000060a800000, 0x0000000651180000, 0x000000072e300000)
  object space 1156608K, 56% used [0x000000060a800000,0x00000006326c8970,0x0000000651180000)
 Metaspace       used 154458K, capacity 158125K, committed 158552K, reserved 1181696K
  class space    used 25514K, capacity 26628K, committed 26752K, reserved 1048576K
Event: 82.259 GC heap after
Heap after GC invocations=32 (full 5):
 PSYoungGen      total 1350144K, used 67739K [0x000000072e300000, 0x00000007be400000, 0x00000007c0000000)
  eden space 1282048K, 0% used [0x000000072e300000,0x000000072e300000,0x000000077c700000)
  from space 68096K, 99% used [0x000000077c700000,0x0000000780926d40,0x0000000780980000)
  to   space 539136K, 0% used [0x000000079d580000,0x000000079d580000,0x00000007be400000)
 ParOldGen       total 1156608K, used 654122K [0x000000060a800000, 0x0000000651180000, 0x000000072e300000)
  object space 1156608K, 56% used [0x000000060a800000,0x00000006326ca970,0x0000000651180000)
 Metaspace       used 154458K, capacity 158125K, committed 158552K, reserved 1181696K
  class space    used 25514K, capacity 26628K, committed 26752K, reserved 1048576K
}

